<?xml version="1.0" encoding="UTF-8"?>
<!-- Generated by org.testng.reporters.JUnitReportReporter -->
<testsuite hostname="LAPTOP-05LSM4AE" name="sep7.SecondTestNGclass" tests="2" failures="0" timestamp="23 Jan 2023 02:08:29 GMT" time="20.730" errors="0">
  <testcase name="multiplication" time="11.200" classname="sep7.SecondTestNGclass"/>
  <testcase name="addition" time="9.530" classname="sep7.SecondTestNGclass"/>
</testsuite> <!-- sep7.SecondTestNGclass -->
